 
Clover Version    1.300
       MPI Version
   Task Count    128
 
 Clover will run from the following input:-
 
*clover                                                                                             
                                                                                                    
 state 1 density=0.2 energy=1.0                                                                     
 state 2 density=1.0 energy=2.5 geometry=rectangle xmin=0.0 xmax=5.0 ymin=0.0 ymax=2.0              
                                                                                                    
 x_cells=30720                                                                                      
 y_cells=15360                                                                                      
                                                                                                    
 xmin=0.0                                                                                           
 ymin=0.0                                                                                           
 xmax=10.0                                                                                          
 ymax=10.0                                                                                          
                                                                                                    
 initial_timestep=0.04                                                                              
 timestep_rise=1.5                                                                                  
 max_timestep=0.04                                                                                  
 end_time=15.5                                                                                      
 end_step=180                                                                                       
                                                                                                    
*endclover                                                                                          
 
 Initialising and generating
 
 Reading input file
 
 Reading specification for state             1
 
            state density   0.2000E+00
             state energy   0.1000E+01
 
 Reading specification for state             2
 
            state density   0.1000E+01
             state energy   0.2500E+01
 state geometry rectangular
               state xmin   0.0000E+00
               state xmax   0.5000E+01
               state ymin   0.0000E+00
               state ymax   0.2000E+01
 
                   x_cells       30720
                   y_cells       15360
                      xmin  0.0000E+00
                      ymin  0.0000E+00
                      xmax  0.1000E+02
                      ymax  0.1000E+02
         initial_timestep   0.4000E-01
             timestep_rise  0.1500E+01
              max_timestep  0.4000E-01
                  end_time  0.1550E+02
                  end_step         180
 
     Using Fortran Kernels
 
 Input read finished.
 
 Setting up initial geometry
 
 
 Mesh ratio of     2.000000000000000     
 Decomposing the mesh into            16  by             8  chunks
 Decomposing the chunk with             1  tiles
 
 Generating chunks
 
 Problem initialised and generated
 
 Time     0.000000000000000     
                       Volume            Mass         Density        Pressure Internal Energy  Kinetic Energy    Total Energy
 step:      0      0.1000E+03      0.2800E+02      0.2800E+00      0.1720E+00      0.4300E+02      0.0000E+00      0.4300E+02
 
 Starting the calculation
 Step       1 time   0.0000000 control    sound    timestep   1.93E-04       1,       1 x  1.63E-04 y  3.26E-04
 Wall clock     5.806176900863647     
 Average time per cell    1.2304892859699774E-008
 Step time per cell       1.2304890838600436E-008
 Step       2 time   0.0001926 control    sound    timestep   1.62E-04       1,       1 x  1.63E-04 y  3.26E-04
 Wall clock     11.74960589408875     
 Average time per cell    1.2450330410097700E-008
 Step time per cell       1.2595458227022189E-008
 Step       3 time   0.0003548 control    sound    timestep   1.48E-04       1,       1 x  1.63E-04 y  3.26E-04
 Wall clock     17.78605294227600     
 Average time per cell    1.2564519912066990E-008
 Step time per cell       1.2792593730005643E-008
 Step       4 time   0.0005028 control    sound    timestep   1.54E-04       1,       1 x  1.63E-04 y  3.26E-04
 Wall clock     23.70626592636108     
 Average time per cell    1.2560031639926213E-008
 Step time per cell       1.2546240415960912E-008
 Step       5 time   0.0006573 control    sound    timestep   1.68E-04       1,       1 x  1.63E-04 y  3.26E-04
 Wall clock     29.54521393775940     
 Average time per cell    1.2522894091186268E-008
 Step time per cell       1.2374026078355705E-008
 Step       6 time   0.0008248 control    sound    timestep   1.74E-04       1,       1 x  1.63E-04 y  3.26E-04
 Wall clock     35.50423407554626     
 Average time per cell    1.2540546726490397E-008
 Step time per cell       1.2628506738110446E-008
 Step       7 time   0.0009990 control    sound    timestep   1.77E-04       1,       1 x  1.63E-04 y  3.26E-04
 Wall clock     41.41835284233093     
 Average time per cell    1.2539561693200894E-008
 Step time per cell       1.2533384708351352E-008
 Step       8 time   0.0011761 control    sound    timestep   1.83E-04       1,       1 x  1.63E-04 y  3.26E-04
 Wall clock     47.35376000404358     
 Average time per cell    1.2544462416978300E-008
 Step time per cell       1.2578464318519562E-008
 Step       9 time   0.0013593 control    sound    timestep   1.82E-04       1,       1 x  1.63E-04 y  3.26E-04
 Wall clock     53.36182689666748     
 Average time per cell    1.2565383651325434E-008
 Step time per cell       1.2732471582744944E-008
 Step      10 time   0.0015413 control    sound    timestep   1.82E-04       1,       1 x  1.63E-04 y  3.26E-04
 
 Time    1.7233817861025916E-003
                       Volume            Mass         Density        Pressure Internal Energy  Kinetic Energy    Total Energy
 step:     10      0.1000E+03      0.2800E+02      0.2800E+00      0.1720E+00      0.4300E+02      0.3911E-02      0.4300E+02
 
 Wall clock     59.97386503219604     
 Average time per cell    1.2710118830404503E-008
 Step time per cell       1.4012415097871175E-008
 Step      11 time   0.0017234 control    sound    timestep   1.82E-04       1,       1 x  1.63E-04 y  3.26E-04
 Wall clock     65.75485587120056     
 Average time per cell    1.2668427721890644E-008
 Step time per cell       1.2251366570126266E-008
 Step      12 time   0.0019050 control    sound    timestep   1.81E-04       1,       1 x  1.63E-04 y  3.26E-04
 Wall clock     71.59132289886475     
 Average time per cell    1.2643482578924806E-008
 Step time per cell       1.2368810126241038E-008
 Step      13 time   0.0020863 control    sound    timestep   1.81E-04       1,       1 x  1.63E-04 y  3.26E-04
 Wall clock     77.45729494094849     
 Average time per cell    1.2627185094613048E-008
 Step time per cell       1.2431310096872040E-008
 Step      14 time   0.0022674 control    sound    timestep   1.81E-04       1,       1 x  1.63E-04 y  3.26E-04
 Wall clock     83.48404192924500     
 Average time per cell    1.2637553431381497E-008
 Step time per cell       1.2772079066457486E-008
 Step      15 time   0.0024489 control    sound    timestep   1.82E-04       1,       1 x  1.63E-04 y  3.26E-04
 Wall clock     89.34302902221680     
 Average time per cell    1.2622837352359460E-008
 Step time per cell       1.2416555566435110E-008
 Step      16 time   0.0026306 control    sound    timestep   1.82E-04       1,       1 x  1.63E-04 y  3.26E-04
 Wall clock     95.23776292800903     
 Average time per cell    1.2614695618948544E-008
 Step time per cell       1.2492279590029890E-008
 Step      17 time   0.0028124 control    sound    timestep   1.82E-04       1,       1 x  1.63E-04 y  3.26E-04
 Wall clock     101.2314848899841     
 Average time per cell    1.2619851915195456E-008
 Step time per cell       1.2702038879473953E-008
 Step      18 time   0.0029942 control    sound    timestep   1.82E-04       1,       1 x  1.63E-04 y  3.26E-04
 Wall clock     107.0536808967590     
 Average time per cell    1.2604240240492530E-008
 Step time per cell       1.2338078805542965E-008
 Step      19 time   0.0031760 control    sound    timestep   1.82E-04       1,       1 x  1.63E-04 y  3.26E-04
 Wall clock     112.8686459064484     
 Average time per cell    1.2589465348366225E-008
 Step time per cell       1.2323249999705392E-008
 Step      20 time   0.0033579 control    sound    timestep   1.82E-04       1,       1 x  1.63E-04 y  3.26E-04
 
 Time    3.5397326636820636E-003
                       Volume            Mass         Density        Pressure Internal Energy  Kinetic Energy    Total Energy
 step:     20      0.1000E+03      0.2800E+02      0.2800E+00      0.1720E+00      0.4299E+02      0.8385E-02      0.4300E+02
 
 Wall clock     119.4422609806061     
 Average time per cell    1.2656557398966267E-008
 Step time per cell       1.3931030985582362E-008
 Step      21 time   0.0035397 control    sound    timestep   1.82E-04       1,       1 x  1.63E-04 y  3.26E-04
 Wall clock     125.1348538398743     
 Average time per cell    1.2628348803633661E-008
 Step time per cell       1.2064011672110711E-008
 Step      22 time   0.0037216 control    sound    timestep   1.82E-04       1,       1 x  1.63E-04 y  3.26E-04
 Wall clock     130.9941859245300     
 Average time per cell    1.2618766738865594E-008
 Step time per cell       1.2417223034491246E-008
 Step      23 time   0.0039035 control    sound    timestep   1.82E-04       1,       1 x  1.63E-04 y  3.26E-04
 Wall clock     136.9515640735626     
 Average time per cell    1.2619052101316094E-008
 Step time per cell       1.2625073395611253E-008
 Step      24 time   0.0040854 control    sound    timestep   1.82E-04       1,       1 x  1.63E-04 y  3.26E-04
 Wall clock     142.8787899017334     
 Average time per cell    1.2616651137822945E-008
 Step time per cell       1.2561166234566674E-008
 Step      25 time   0.0042673 control    sound    timestep   1.82E-04       1,       1 x  1.63E-04 y  3.26E-04
 Wall clock     148.8127279281616     
 Average time per cell    1.2615011251505671E-008
 Step time per cell       1.2575384668404391E-008
 Step      26 time   0.0044492 control    sound    timestep   1.82E-04       1,       1 x  1.63E-04 y  3.26E-04
 Wall clock     154.6584479808807     
 Average time per cell    1.2606306808087010E-008
 Step time per cell       1.2388426411133777E-008
 Step      27 time   0.0046311 control    sound    timestep   1.82E-04       1,       1 x  1.63E-04 y  3.26E-04
 Wall clock     160.6083819866180     
 Average time per cell    1.2606427069975461E-008
 Step time per cell       1.2609297704734168E-008
 Step      28 time   0.0048130 control    sound    timestep   1.82E-04       1,       1 x  1.63E-04 y  3.26E-04
 Wall clock     166.5243859291077     
 Average time per cell    1.2603970628247009E-008
 Step time per cell       1.2537332925906715E-008
 Step      29 time   0.0049950 control    sound    timestep   1.82E-04       1,       1 x  1.63E-04 y  3.26E-04
 Wall clock     172.3771049976349     
 Average time per cell    1.2597058833157688E-008
 Step time per cell       1.2403265827742871E-008
 Step      30 time   0.0051769 control    sound    timestep   1.82E-04       1,       1 x  1.63E-04 y  3.26E-04
 
 Time    5.3588316649517903E-003
                       Volume            Mass         Density        Pressure Internal Energy  Kinetic Energy    Total Energy
 step:     30      0.1000E+03      0.2800E+02      0.2800E+00      0.1719E+00      0.4299E+02      0.1290E-01      0.4300E+02
 
 Wall clock     178.9232509136200     
 Average time per cell    1.2639593259572630E-008
 Step time per cell       1.3872828882692071E-008
 Step      31 time   0.0053588 control    sound    timestep   1.82E-04       1,       1 x  1.63E-04 y  3.26E-04
 Wall clock     184.7228028774261     
 Average time per cell    1.2628343566937337E-008
 Step time per cell       1.2290695647405098E-008
 Step      32 time   0.0055408 control    sound    timestep   1.82E-04       1,       1 x  1.63E-04 y  3.26E-04
 Wall clock     190.6548900604248     
 Average time per cell    1.2626574440825303E-008
 Step time per cell       1.2571445040521213E-008
 Step      33 time   0.0057227 control    sound    timestep   1.82E-04       1,       1 x  1.63E-04 y  3.26E-04
 Wall clock     196.6488330364227     
 Average time per cell    1.2628884943979611E-008
 Step time per cell       1.2702552238705620E-008
 Step      34 time   0.0059047 control    sound    timestep   1.82E-04       1,       1 x  1.63E-04 y  3.26E-04
 Wall clock     202.4910490512848     
 Average time per cell    1.2621602142638462E-008
 Step time per cell       1.2381000892168635E-008
 Step      35 time   0.0060866 control    sound    timestep   1.82E-04       1,       1 x  1.63E-04 y  3.26E-04
 Wall clock     208.2714519500732     
 Average time per cell    1.2610992670820523E-008
 Step time per cell       1.2249982622355067E-008
 Step      36 time   0.0062686 control    sound    timestep   1.82E-04       1,       1 x  1.63E-04 y  3.26E-04
 Wall clock     214.0466499328613     
 Average time per cell    1.2600666207022804E-008
 Step time per cell       1.2238951967447066E-008
 Step      37 time   0.0064506 control    sound    timestep   1.82E-04       1,       1 x  1.63E-04 y  3.26E-04
 Wall clock     219.9202868938446     
 Average time per cell    1.2596536292333552E-008
 Step time per cell       1.2447586009835100E-008
 Step      38 time   0.0066325 control    sound    timestep   1.82E-04       1,       1 x  1.63E-04 y  3.26E-04
 Wall clock     225.7604298591614     
 Average time per cell    1.2590755767106250E-008
 Step time per cell       1.2376602980010729E-008
 Step      39 time   0.0068145 control    sound    timestep   1.82E-04       1,       1 x  1.63E-04 y  3.26E-04
 Wall clock     231.6606569290161     
 Average time per cell    1.2588536674359102E-008
 Step time per cell       1.2503945880679465E-008
 Step      40 time   0.0069965 control    sound    timestep   1.82E-04       1,       1 x  1.63E-04 y  3.26E-04
 
 Time    7.1784815783459983E-003
                       Volume            Mass         Density        Pressure Internal Energy  Kinetic Energy    Total Energy
 step:     40      0.1000E+03      0.2800E+02      0.2800E+00      0.1719E+00      0.4298E+02      0.1741E-01      0.4300E+02
 
 Wall clock     238.2062468528748     
 Average time per cell    1.2620621090617432E-008
 Step time per cell       1.3871652602877778E-008
 Step      41 time   0.0071785 control    sound    timestep   1.82E-04       1,       1 x  1.63E-04 y  3.26E-04
 Wall clock     243.9176259040833     
 Average time per cell    1.2608020332981681E-008
 Step time per cell       1.2103820255207312E-008
 Step      42 time   0.0073605 control    sound    timestep   1.82E-04       1,       1 x  1.63E-04 y  3.26E-04
 Wall clock     249.8867480754852     
 Average time per cell    1.2609025060839639E-008
 Step time per cell       1.2649943528231234E-008
 Step      43 time   0.0075424 control    sound    timestep   1.82E-04       1,       1 x  1.63E-04 y  3.26E-04
 Wall clock     255.7069849967957     
 Average time per cell    1.2602645174011489E-008
 Step time per cell       1.2334368067159732E-008
 Step      44 time   0.0077244 control    sound    timestep   1.82E-04       1,       1 x  1.63E-04 y  3.26E-04
 Wall clock     261.5579290390015     
 Average time per cell    1.2598034301863847E-008
 Step time per cell       1.2399459592415952E-008
 Step      45 time   0.0079064 control    sound    timestep   1.82E-04       1,       1 x  1.63E-04 y  3.26E-04
 Wall clock     267.4295098781586     
 Average time per cell    1.2594600247896857E-008
 Step time per cell       1.2443230540763277E-008
 Step      46 time   0.0080884 control    sound    timestep   1.82E-04       1,       1 x  1.63E-04 y  3.26E-04
 Wall clock     273.2626700401306     
 Average time per cell    1.2589545413037112E-008
 Step time per cell       1.2361801964289043E-008
 Step      47 time   0.0082705 control    sound    timestep   1.82E-04       1,       1 x  1.63E-04 y  3.26E-04
 Wall clock     279.2039060592651     
 Average time per cell    1.2589578924303760E-008
 Step time per cell       1.2590843046685526E-008
 Step      48 time   0.0084525 control    sound    timestep   1.82E-04       1,       1 x  1.63E-04 y  3.26E-04
 Wall clock     285.0283179283142     
 Average time per cell    1.2584453067440202E-008
 Step time per cell       1.2343253830396054E-008
 Step      49 time   0.0086345 control    sound    timestep   1.82E-04       1,       1 x  1.63E-04 y  3.26E-04
 Wall clock     290.9191150665283     
 Average time per cell    1.2582407627690820E-008
 Step time per cell       1.2483965797906017E-008
 Step      50 time   0.0088165 control    sound    timestep   1.82E-04       1,       1 x  1.63E-04 y  3.26E-04
 
 Time    8.9985623642423341E-003
                       Volume            Mass         Density        Pressure Internal Energy  Kinetic Energy    Total Energy
 step:     50      0.1000E+03      0.2800E+02      0.2800E+00      0.1719E+00      0.4298E+02      0.2192E-01      0.4300E+02
 
 Wall clock     297.3501460552216     
 Average time per cell    1.2603342101000533E-008
 Step time per cell       1.3628883708507702E-008
 Step      51 time   0.0089986 control    sound    timestep   1.82E-04       1,       1 x  1.63E-04 y  3.26E-04
 Wall clock     303.1768469810486     
 Average time per cell    1.2598343019383606E-008
 Step time per cell       1.2348215123994225E-008
 Step      52 time   0.0091806 control    sound    timestep   1.82E-04       1,       1 x  1.63E-04 y  3.26E-04
 Wall clock     309.0490350723267     
 Average time per cell    1.2595390053786850E-008
 Step time per cell       1.2444522023239795E-008
 Step      53 time   0.0093626 control    sound    timestep   1.82E-04       1,       1 x  1.63E-04 y  3.26E-04
 Wall clock     315.0206489562988     
 Average time per cell    1.2596524194853314E-008
 Step time per cell       1.2655234766296215E-008
 Step      54 time   0.0095447 control    sound    timestep   1.82E-04       1,       1 x  1.63E-04 y  3.26E-04
 Wall clock     320.9231550693512     
 Average time per cell    1.2594904137024711E-008
 Step time per cell       1.2508771760622040E-008
 Step      55 time   0.0097267 control    sound    timestep   1.82E-04       1,       1 x  1.63E-04 y  3.26E-04
 Wall clock     326.8310608863831     
 Average time per cell    1.2593551053379832E-008
 Step time per cell       1.2520238972986892E-008
 Step      56 time   0.0099087 control    sound    timestep   1.82E-04       1,       1 x  1.63E-04 y  3.26E-04
 Wall clock     332.7160310745239     
 Average time per cell    1.2591378313190366E-008
 Step time per cell       1.2471620923153952E-008
 Step      57 time   0.0100908 control    sound    timestep   1.82E-04       1,       1 x  1.63E-04 y  3.26E-04
 Wall clock     338.6647970676422     
 Average time per cell    1.2591653755724954E-008
 Step time per cell       1.2606820342221504E-008
 Step      58 time   0.0102728 control    sound    timestep   1.82E-04       1,       1 x  1.63E-04 y  3.26E-04
 Wall clock     344.4928870201111     
 Average time per cell    1.2587510288724902E-008
 Step time per cell       1.2351048705265081E-008
 Step      59 time   0.0104549 control    sound    timestep   1.82E-04       1,       1 x  1.63E-04 y  3.26E-04
 Wall clock     350.4671058654785     
 Average time per cell    1.2588756218799889E-008
 Step time per cell       1.2660702345278372E-008
 Step      60 time   0.0106370 control    sound    timestep   1.82E-04       1,       1 x  1.63E-04 y  3.26E-04
 
 Time    1.0819042612951755E-002
                       Volume            Mass         Density        Pressure Internal Energy  Kinetic Energy    Total Energy
 step:     60      0.1000E+03      0.2800E+02      0.2800E+00      0.1719E+00      0.4297E+02      0.2643E-01      0.4300E+02
 
 Wall clock     356.9338638782501     
 Average time per cell    1.2607357727271544E-008
 Step time per cell       1.3704586005284607E-008
 Step      61 time   0.0108190 control    sound    timestep   1.82E-04       1,       1 x  1.63E-04 y  3.26E-04
 Wall clock     362.7004320621490     
 Average time per cell    1.2601023191516266E-008
 Step time per cell       1.2220777231656636E-008
 Step      62 time   0.0110011 control    sound    timestep   1.82E-04       1,       1 x  1.63E-04 y  3.26E-04
 Wall clock     368.6002929210663     
 Average time per cell    1.2599449189198616E-008
 Step time per cell       1.2503151083365083E-008
 Step      63 time   0.0111832 control    sound    timestep   1.82E-04       1,       1 x  1.63E-04 y  3.26E-04
 Wall clock     374.5146808624268     
 Average time per cell    1.2598413836175651E-008
 Step time per cell       1.2533948595066452E-008
 Step      64 time   0.0113653 control    sound    timestep   1.82E-04       1,       1 x  1.63E-04 y  3.26E-04
 Wall clock     380.5386879444122     
 Average time per cell    1.2601040732344396E-008
 Step time per cell       1.2766208783432375E-008
 Step      65 time   0.0115474 control    sound    timestep   1.82E-04       1,       1 x  1.63E-04 y  3.26E-04
 Wall clock     386.3385648727417     
 Average time per cell    1.2596279205346448E-008
 Step time per cell       1.2291282776762576E-008
 Step      66 time   0.0117295 control    sound    timestep   1.82E-04       1,       1 x  1.63E-04 y  3.26E-04
 Wall clock     392.2697758674622     
 Average time per cell    1.2595879136270535E-008
 Step time per cell       1.2569535606922322E-008
 Step      67 time   0.0119116 control    sound    timestep   1.82E-04       1,       1 x  1.63E-04 y  3.26E-04
 Wall clock     398.6003549098969     
 Average time per cell    1.2608123415853549E-008
 Step time per cell       1.3415985146518020E-008
 Step      68 time   0.0120937 control    sound    timestep   1.82E-04       1,       1 x  1.63E-04 y  3.26E-04
 Wall clock     404.5020749568939     
 Average time per cell    1.2606641824164232E-008
 Step time per cell       1.2507103848393954E-008
 Step      69 time   0.0122759 control    sound    timestep   1.82E-04       1,       1 x  1.63E-04 y  3.26E-04
 Wall clock     410.5640618801117     
 Average time per cell    1.2610125637825727E-008
 Step time per cell       1.2846772834665091E-008
 Step      70 time   0.0124580 control    sound    timestep   1.82E-04       1,       1 x  1.63E-04 y  3.26E-04
 
 Time    1.2640082525959856E-002
                       Volume            Mass         Density        Pressure Internal Energy  Kinetic Energy    Total Energy
 step:     70      0.1000E+03      0.2800E+02      0.2800E+00      0.1719E+00      0.4297E+02      0.3094E-01      0.4300E+02
 
 Wall clock     417.0838279724121     
 Average time per cell    1.2627369350021971E-008
 Step time per cell       1.3816909611503232E-008
 Step      71 time   0.0126401 control    sound    timestep   1.82E-04       1,       1 x  1.63E-04 y  3.26E-04
 Wall clock     422.9004960060120     
 Average time per cell    1.2623140577039046E-008
 Step time per cell       1.2326952653691276E-008
 Step      72 time   0.0128222 control    sound    timestep   1.82E-04       1,       1 x  1.63E-04 y  3.26E-04
 Wall clock     428.7487080097198     
 Average time per cell    1.2619957747568903E-008
 Step time per cell       1.2393718154473592E-008
 Step      73 time   0.0130043 control    sound    timestep   1.82E-04       1,       1 x  1.63E-04 y  3.26E-04
 Wall clock     434.6394779682159     
 Average time per cell    1.2618097626621239E-008
 Step time per cell       1.2483906175475568E-008
 Step      74 time   0.0131865 control    sound    timestep   1.82E-04       1,       1 x  1.63E-04 y  3.26E-04
 Wall clock     440.5711250305176     
 Average time per cell    1.2617458453207548E-008
 Step time per cell       1.2570474407564486E-008
 Step      75 time   0.0133686 control    sound    timestep   1.82E-04       1,       1 x  1.63E-04 y  3.26E-04
 Wall clock     446.4017028808594     
 Average time per cell    1.2613980409999689E-008
 Step time per cell       1.2356357627949263E-008
 Step      76 time   0.0135508 control    sound    timestep   1.82E-04       1,       1 x  1.63E-04 y  3.26E-04
 Wall clock     452.2473499774933     
 Average time per cell    1.2611014103401286E-008
 Step time per cell       1.2388261186262954E-008
 Step      77 time   0.0137329 control    sound    timestep   1.82E-04       1,       1 x  1.63E-04 y  3.26E-04
 Wall clock     458.1842420101166     
 Average time per cell    1.2610636184332287E-008
 Step time per cell       1.2581670792618145E-008
 Step      78 time   0.0139151 control    sound    timestep   1.82E-04       1,       1 x  1.63E-04 y  3.26E-04
 Wall clock     464.0921759605408     
 Average time per cell    1.2609481158366319E-008
 Step time per cell       1.2520275352774964E-008
 Step      79 time   0.0140973 control    sound    timestep   1.82E-04       1,       1 x  1.63E-04 y  3.26E-04
 Wall clock     469.9321999549866     
 Average time per cell    1.2606533601950970E-008
 Step time per cell       1.2376368027212771E-008
 Step      80 time   0.0142795 control    sound    timestep   1.82E-04       1,       1 x  1.63E-04 y  3.26E-04
 
 Time    1.4461655396892105E-002
                       Volume            Mass         Density        Pressure Internal Energy  Kinetic Energy    Total Energy
 step:     80      0.1000E+03      0.2800E+02      0.2800E+00      0.1719E+00      0.4296E+02      0.3545E-01      0.4300E+02
 
 Wall clock     476.5702109336853     
 Average time per cell    1.2624799170326797E-008
 Step time per cell       1.4067526939874773E-008
 Step      81 time   0.0144617 control    sound    timestep   1.82E-04       1,       1 x  1.63E-04 y  3.26E-04
 Wall clock     482.2711658477783     
 Average time per cell    1.2618096691696166E-008
 Step time per cell       1.2081737218573430E-008
 Step      82 time   0.0146438 control    sound    timestep   1.82E-04       1,       1 x  1.63E-04 y  3.26E-04
 Wall clock     488.1565370559692     
 Average time per cell    1.2616323896371103E-008
 Step time per cell       1.2472479385097459E-008
 Step      83 time   0.0148260 control    sound    timestep   1.82E-04       1,       1 x  1.63E-04 y  3.26E-04
 Wall clock     494.0115599632263     
 Average time per cell    1.2613818922214592E-008
 Step time per cell       1.2408152845940397E-008
 Step      84 time   0.0150082 control    sound    timestep   1.82E-04       1,       1 x  1.63E-04 y  3.26E-04
 Wall clock     499.8653428554535     
 Average time per cell    1.2611342305366413E-008
 Step time per cell       1.2405535017023795E-008
 Step      85 time   0.0151904 control    sound    timestep   1.82E-04       1,       1 x  1.63E-04 y  3.26E-04
 Wall clock     505.7965550422668     
 Average time per cell    1.2610854480276341E-008
 Step time per cell       1.2569609882322967E-008
 Step      86 time   0.0153726 control    sound    timestep   1.82E-04       1,       1 x  1.63E-04 y  3.26E-04
 Wall clock     511.6615419387817     
 Average time per cell    1.2608746026869135E-008
 Step time per cell       1.2429235438402329E-008
 Step      87 time   0.0155548 control    sound    timestep   1.82E-04       1,       1 x  1.63E-04 y  3.26E-04
 Wall clock     517.5589239597321     
 Average time per cell    1.2607475172599024E-008
 Step time per cell       1.2497914414982208E-008
 Step      88 time   0.0157371 control    sound    timestep   1.82E-04       1,       1 x  1.63E-04 y  3.26E-04
 Wall clock     523.5608859062195     
 Average time per cell    1.2608751766759205E-008
 Step time per cell       1.2719177801854029E-008
 Step      89 time   0.0159193 control    sound    timestep   1.82E-04       1,       1 x  1.63E-04 y  3.26E-04
 Wall clock     529.4070968627930     
 Average time per cell    1.2606290916385555E-008
 Step time per cell       1.2389399570464673E-008
 Step      90 time   0.0161015 control    sound    timestep   1.82E-04       1,       1 x  1.63E-04 y  3.26E-04
 
 Time    1.6283730890770096E-002
                       Volume            Mass         Density        Pressure Internal Energy  Kinetic Energy    Total Energy
 step:     90      0.1000E+03      0.2800E+02      0.2800E+00      0.1718E+00      0.4296E+02      0.3996E-01      0.4300E+02
 
 Wall clock     535.9830610752106     
 Average time per cell    1.2621068626573600E-008
 Step time per cell       1.3936038764465289E-008
 Step      91 time   0.0162837 control    sound    timestep   1.82E-04       1,       1 x  1.63E-04 y  3.26E-04
 Wall clock     541.8137688636780     
 Average time per cell    1.2618165461307986E-008
 Step time per cell       1.2356736584075003E-008
 Step      92 time   0.0164660 control    sound    timestep   1.82E-04       1,       1 x  1.63E-04 y  3.26E-04
 Wall clock     547.6913039684296     
 Average time per cell    1.2616404104196612E-008
 Step time per cell       1.2455867969644411E-008
 Step      93 time   0.0166482 control    sound    timestep   1.82E-04       1,       1 x  1.63E-04 y  3.26E-04
 Wall clock     553.5838069915771     
 Average time per cell    1.2615021713411272E-008
 Step time per cell       1.2487545164832328E-008
 Step      94 time   0.0168305 control    sound    timestep   1.82E-04       1,       1 x  1.63E-04 y  3.26E-04
 Wall clock     559.4146790504456     
 Average time per cell    1.2612279234776723E-008
 Step time per cell       1.2356959410276936E-008
 Step      95 time   0.0170128 control    sound    timestep   1.82E-04       1,       1 x  1.63E-04 y  3.26E-04
 Wall clock     565.2137520313263     
 Average time per cell    1.2608885113260510E-008
 Step time per cell       1.2289581516395426E-008
 Step      96 time   0.0171950 control    sound    timestep   1.82E-04       1,       1 x  1.63E-04 y  3.26E-04
 Wall clock     571.1790750026703     
 Average time per cell    1.2609231803211244E-008
 Step time per cell       1.2641917237488087E-008
 Step      97 time   0.0173773 control    sound    timestep   1.82E-04       1,       1 x  1.63E-04 y  3.26E-04
 Wall clock     577.0284569263458     
 Average time per cell    1.2607038240691549E-008
 Step time per cell       1.2396170253244539E-008
 Step      98 time   0.0175596 control    sound    timestep   1.82E-04       1,       1 x  1.63E-04 y  3.26E-04
 Wall clock     582.9176349639893     
 Average time per cell    1.2605750046381642E-008
 Step time per cell       1.2480515276062457E-008
 Step      99 time   0.0177419 control    sound    timestep   1.82E-04       1,       1 x  1.63E-04 y  3.26E-04
 Wall clock     588.9278080463409     
 Average time per cell    1.2607077996660503E-008
 Step time per cell       1.2736954381075015E-008
 Step     100 time   0.0179242 control    sound    timestep   1.82E-04       1,       1 x  1.63E-04 y  3.26E-04
 
 Time    1.8106439191541656E-002
                       Volume            Mass         Density        Pressure Internal Energy  Kinetic Energy    Total Energy
 step:    100      0.1000E+03      0.2800E+02      0.2800E+00      0.1718E+00      0.4295E+02      0.4447E-01      0.4300E+02
 
 Wall clock     595.4429349899292     
 Average time per cell    1.2619080755232264E-008
 Step time per cell       1.3807099700594943E-008
 Step     101 time   0.0181064 control    sound    timestep   1.82E-04       1,       1 x  1.63E-04 y  3.26E-04
 Wall clock     601.2620768547058     
 Average time per cell    1.2616242026961798E-008
 Step time per cell       1.2332210543617192E-008
 Step     102 time   0.0182887 control    sound    timestep   1.82E-04       1,       1 x  1.63E-04 y  3.26E-04
 Wall clock     607.1048150062561     
 Average time per cell    1.2613949225229502E-008
 Step time per cell       1.2382102391307449E-008
 Step     103 time   0.0184710 control    sound    timestep   1.82E-04       1,       1 x  1.63E-04 y  3.26E-04
 Wall clock     612.9840688705444     
 Average time per cell    1.2612452272881081E-008
 Step time per cell       1.2459489779656805E-008
 Step     104 time   0.0186533 control    sound    timestep   1.82E-04       1,       1 x  1.63E-04 y  3.26E-04
 Wall clock     618.9412989616394     
 Average time per cell    1.2612573080829869E-008
 Step time per cell       1.2624710608280213E-008
 Step     105 time   0.0188356 control    sound    timestep   1.82E-04       1,       1 x  1.63E-04 y  3.26E-04
 Wall clock     624.7129189968109     
 Average time per cell    1.2608945311628290E-008
 Step time per cell       1.2231385982077983E-008
 Step     106 time   0.0190180 control    sound    timestep   1.82E-04       1,       1 x  1.63E-04 y  3.26E-04
 Wall clock     630.5938539505005     
 Average time per cell    1.2607571542897823E-008
 Step time per cell       1.2463059041086429E-008
 Step     107 time   0.0192003 control    sound    timestep   1.82E-04       1,       1 x  1.63E-04 y  3.26E-04
 Wall clock     636.5858180522919     
 Average time per cell    1.2608422530943570E-008
 Step time per cell       1.2698375131650310E-008
 Step     108 time   0.0193826 control    sound    timestep   1.82E-04       1,       1 x  1.63E-04 y  3.26E-04
 Wall clock     642.4842920303345     
 Average time per cell    1.2607423209954377E-008
 Step time per cell       1.2500225036799545E-008
 Step     109 time   0.0195650 control    sound    timestep   1.82E-04       1,       1 x  1.63E-04 y  3.26E-04
 Wall clock     648.3205208778381     
 Average time per cell    1.2605231999190952E-008
 Step time per cell       1.2368316472727908E-008
 Step     110 time   0.0197473 control    sound    timestep   1.82E-04       1,       1 x  1.63E-04 y  3.26E-04
 
 Time    1.9929699732208241E-002
                       Volume            Mass         Density        Pressure Internal Energy  Kinetic Energy    Total Energy
 step:    110      0.1000E+03      0.2800E+02      0.2800E+00      0.1718E+00      0.4295E+02      0.4898E-01      0.4300E+02
 
 Wall clock     654.8146169185638     
 Average time per cell    1.2615755195204683E-008
 Step time per cell       1.3762518291413370E-008
 Step     111 time   0.0199297 control    sound    timestep   1.82E-04       1,       1 x  1.63E-04 y  3.26E-04
 Wall clock     660.5265069007874     
 Average time per cell    1.2611154453189521E-008
 Step time per cell       1.2104907606650764E-008
 Step     112 time   0.0201121 control    sound    timestep   1.82E-04       1,       1 x  1.63E-04 y  3.26E-04
 Wall clock     666.5078768730164     
 Average time per cell    1.2611734997147915E-008
 Step time per cell       1.2675846947887394E-008
 Step     113 time   0.0202944 control    sound    timestep   1.82E-04       1,       1 x  1.63E-04 y  3.26E-04
 Wall clock     672.3690199851990     
 Average time per cell    1.2610050452450834E-008
 Step time per cell       1.2421114155990330E-008
 Step     114 time   0.0204768 control    sound    timestep   1.82E-04       1,       1 x  1.63E-04 y  3.26E-04
 Wall clock     678.3067140579224     
 Average time per cell    1.2609818554443642E-008
 Step time per cell       1.2583317483303188E-008
 Step     115 time   0.0206592 control    sound    timestep   1.82E-04       1,       1 x  1.63E-04 y  3.26E-04
 Wall clock     684.1860289573669     
 Average time per cell    1.2608514849480650E-008
 Step time per cell       1.2459619130014391E-008
 Step     116 time   0.0208415 control    sound    timestep   1.82E-04       1,       1 x  1.63E-04 y  3.26E-04
 Wall clock     690.0422048568726     
 Average time per cell    1.2606810881385813E-008
 Step time per cell       1.2410585238992806E-008
 Step     117 time   0.0210239 control    sound    timestep   1.82E-04       1,       1 x  1.63E-04 y  3.26E-04
 Wall clock     695.9100370407104     
 Average time per cell    1.2605347176734049E-008
 Step time per cell       1.2435279535970444E-008
 Step     118 time   0.0212063 control    sound    timestep   1.82E-04       1,       1 x  1.63E-04 y  3.26E-04
 Wall clock     701.8063158988953     
 Average time per cell    1.2604419182005041E-008
 Step time per cell       1.2495568423926468E-008
 Step     119 time   0.0213887 control    sound    timestep   1.82E-04       1,       1 x  1.63E-04 y  3.26E-04
 Wall clock     707.7667279243469     
 Average time per cell    1.2604648934236039E-008
 Step time per cell       1.2631428742477308E-008
 Step     120 time   0.0215711 control    sound    timestep   1.82E-04       1,       1 x  1.63E-04 y  3.26E-04
 
 Time    2.1753476950509408E-002
                       Volume            Mass         Density        Pressure Internal Energy  Kinetic Energy    Total Energy
 step:    120      0.1000E+03      0.2800E+02      0.2800E+00      0.1718E+00      0.4295E+02      0.5349E-01      0.4300E+02
 
 Wall clock     714.3708879947662     
 Average time per cell    1.2616243856832119E-008
 Step time per cell       1.3995768313179724E-008
 Step     121 time   0.0217535 control    sound    timestep   1.82E-04       1,       1 x  1.63E-04 y  3.26E-04
 Wall clock     720.1711249351501     
 Average time per cell    1.2613566671589520E-008
 Step time per cell       1.2292139217606746E-008
 Step     122 time   0.0219359 control    sound    timestep   1.82E-04       1,       1 x  1.63E-04 y  3.26E-04
 Wall clock     726.0693399906158     
 Average time per cell    1.2612635363917809E-008
 Step time per cell       1.2499682371627487E-008
 Step     123 time   0.0221183 control    sound    timestep   1.82E-04       1,       1 x  1.63E-04 y  3.26E-04
 Wall clock     731.9308569431305     
 Average time per cell    1.2611086895246265E-008
 Step time per cell       1.2421900363632530E-008
 Step     124 time   0.0223007 control    sound    timestep   1.82E-04       1,       1 x  1.63E-04 y  3.26E-04
 Wall clock     737.8300368785858     
 Average time per cell    1.2610207097566013E-008
 Step time per cell       1.2501695386567411E-008
 Step     125 time   0.0224832 control    sound    timestep   1.82E-04       1,       1 x  1.63E-04 y  3.26E-04
 Wall clock     743.7116148471832     
 Average time per cell    1.2609042949204903E-008
 Step time per cell       1.2464425809513260E-008
 Step     126 time   0.0226656 control    sound    timestep   1.82E-04       1,       1 x  1.63E-04 y  3.26E-04
 Wall clock     749.6448569297791     
 Average time per cell    1.2608766251851289E-008
 Step time per cell       1.2573922403033874E-008
 Step     127 time   0.0228481 control    sound    timestep   1.82E-04       1,       1 x  1.63E-04 y  3.26E-04
 Wall clock     755.5975348949432     
 Average time per cell    1.2608818242680361E-008
 Step time per cell       1.2615036111027519E-008
 Step     128 time   0.0230305 control    sound    timestep   1.82E-04       1,       1 x  1.63E-04 y  3.26E-04
 Wall clock     761.4968068599701     
 Average time per cell    1.2607985186245210E-008
 Step time per cell       1.2501917707494511E-008
 Step     129 time   0.0232130 control    sound    timestep   1.82E-04       1,       1 x  1.63E-04 y  3.26E-04
 Wall clock     767.4052970409393     
 Average time per cell    1.2607316486857073E-008
 Step time per cell       1.2521453653688594E-008
 Step     130 time   0.0233954 control    sound    timestep   1.82E-04       1,       1 x  1.63E-04 y  3.26E-04
 
 Time    2.3577872039600847E-002
                       Volume            Mass         Density        Pressure Internal Energy  Kinetic Energy    Total Energy
 step:    130      0.1000E+03      0.2800E+02      0.2800E+00      0.1718E+00      0.4294E+02      0.5801E-01      0.4300E+02
 
 Wall clock     773.7646920681000     
 Average time per cell    1.2614008782347654E-008
 Step time per cell       1.3477037504748699E-008
 Step     131 time   0.0235779 control    sound    timestep   1.82E-04       1,       1 x  1.63E-04 y  3.26E-04
 Wall clock     779.4603199958801     
 Average time per cell    1.2609860692754332E-008
 Step time per cell       1.2070427146682051E-008
 Step     132 time   0.0237603 control    sound    timestep   1.82E-04       1,       1 x  1.63E-04 y  3.26E-04
 Wall clock     785.4398660659790     
 Average time per cell    1.2610333793748975E-008
 Step time per cell       1.2672045260033983E-008
 Step     133 time   0.0239428 control    sound    timestep   1.82E-04       1,       1 x  1.63E-04 y  3.26E-04
 Wall clock     791.3051168918610     
 Average time per cell    1.2608978553393705E-008
 Step time per cell       1.2429828631057817E-008
 Step     134 time   0.0241253 control    sound    timestep   1.82E-04       1,       1 x  1.63E-04 y  3.26E-04
 Wall clock     797.1219999790192     
 Average time per cell    1.2606878580802221E-008
 Step time per cell       1.2327321504320328E-008
 Step     135 time   0.0243078 control    sound    timestep   1.82E-04       1,       1 x  1.63E-04 y  3.26E-04
 Wall clock     803.0919299125671     
 Average time per cell    1.2607212300752979E-008
 Step time per cell       1.2651100102326987E-008
 Step     136 time   0.0244902 control    sound    timestep   1.82E-04       1,       1 x  1.63E-04 y  3.26E-04
 Wall clock     809.0064060688019     
 Average time per cell    1.2606676981633035E-008
 Step time per cell       1.2534156768298191E-008
 Step     137 time   0.0246727 control    sound    timestep   1.83E-04       1,       1 x  1.63E-04 y  3.26E-04
 Wall clock     814.8878779411316     
 Average time per cell    1.2605638928519844E-008
 Step time per cell       1.2464192877814639E-008
 Step     138 time   0.0248552 control    sound    timestep   1.83E-04       1,       1 x  1.63E-04 y  3.26E-04
 Wall clock     820.8370928764343     
 Average time per cell    1.2605656254908648E-008
 Step time per cell       1.2607786427704721E-008
 Step     139 time   0.0250378 control    sound    timestep   1.83E-04       1,       1 x  1.63E-04 y  3.26E-04
 Wall clock     826.7023558616638     
 Average time per cell    1.2604393350884232E-008
 Step time per cell       1.2429851873700196E-008
 Step     140 time   0.0252203 control    sound    timestep   1.83E-04       1,       1 x  1.63E-04 y  3.26E-04
 
 Time    2.5402800780911335E-002
                       Volume            Mass         Density        Pressure Internal Energy  Kinetic Energy    Total Energy
 step:    140      0.1000E+03      0.2800E+02      0.2800E+00      0.1717E+00      0.4294E+02      0.6252E-01      0.4300E+02
 
 Wall clock     833.1092169284821     
 Average time per cell    1.2611347030889149E-008
 Step time per cell       1.3577639240085975E-008
 Step     141 time   0.0254028 control    sound    timestep   1.83E-04       1,       1 x  1.63E-04 y  3.26E-04
 Wall clock     838.9447288513184     
 Average time per cell    1.2609614512055285E-008
 Step time per cell       1.2366886039671954E-008
 Step     142 time   0.0255853 control    sound    timestep   1.83E-04       1,       1 x  1.63E-04 y  3.26E-04
 Wall clock     844.8857650756836     
 Average time per cell    1.2609481290296151E-008
 Step time per cell       1.2590372635814775E-008
 Step     143 time   0.0257678 control    sound    timestep   1.83E-04       1,       1 x  1.63E-04 y  3.26E-04
 Wall clock     850.8754589557648     
 Average time per cell    1.2610071043768348E-008
 Step time per cell       1.2693566431052104E-008
 Step     144 time   0.0259504 control    sound    timestep   1.83E-04       1,       1 x  1.63E-04 y  3.26E-04
 Wall clock     856.7396180629730     
 Average time per cell    1.2608805086332678E-008
 Step time per cell       1.2427529630561669E-008
 Step     145 time   0.0261329 control    sound    timestep   1.83E-04       1,       1 x  1.63E-04 y  3.26E-04
 Wall clock     862.6288859844208     
 Average time per cell    1.2607923573233372E-008
 Step time per cell       1.2480725470393535E-008
 Step     146 time   0.0263154 control    sound    timestep   1.83E-04       1,       1 x  1.63E-04 y  3.26E-04
 Wall clock     868.5951099395752     
 Average time per cell    1.2608171197951841E-008
 Step time per cell       1.2643824649987639E-008
 Step     147 time   0.0264980 control    sound    timestep   1.83E-04       1,       1 x  1.63E-04 y  3.26E-04
 Wall clock     874.4688110351563     
 Average time per cell    1.2607081565873603E-008
 Step time per cell       1.2447738602835063E-008
 Step     148 time   0.0266805 control    sound    timestep   1.83E-04       1,       1 x  1.63E-04 y  3.26E-04
 Wall clock     880.3297190666199     
 Average time per cell    1.2605823469113586E-008
 Step time per cell       1.2420614439179190E-008
 Step     149 time   0.0268631 control    sound    timestep   1.83E-04       1,       1 x  1.63E-04 y  3.26E-04
 Wall clock     886.3025159835815     
 Average time per cell    1.2606173692166765E-008
 Step time per cell       1.2657748508596948E-008
 Step     150 time   0.0270456 control    sound    timestep   1.83E-04       1,       1 x  1.63E-04 y  3.26E-04
 
 Time    2.7228212548487379E-002
                       Volume            Mass         Density        Pressure Internal Energy  Kinetic Energy    Total Energy
 step:    150      0.1000E+03      0.2800E+02      0.2800E+00      0.1717E+00      0.4293E+02      0.6703E-01      0.4300E+02
 
 Wall clock     892.8050959110260     
 Average time per cell    1.2614004289288358E-008
 Step time per cell       1.3780434831763462E-008
 Step     151 time   0.0272282 control    sound    timestep   1.83E-04       1,       1 x  1.63E-04 y  3.26E-04
 Wall clock     898.4894790649414     
 Average time per cell    1.2610247825540334E-008
 Step time per cell       1.2046631733634665E-008
 Step     152 time   0.0274108 control    sound    timestep   1.83E-04       1,       1 x  1.63E-04 y  3.26E-04
 Wall clock     904.3893070220947     
 Average time per cell    1.2609544651161087E-008
 Step time per cell       1.2503096513682976E-008
 Step     153 time   0.0275934 control    sound    timestep   1.83E-04       1,       1 x  1.63E-04 y  3.26E-04
 Wall clock     910.2003009319305     
 Average time per cell    1.2607620185679331E-008
 Step time per cell       1.2314834647339821E-008
 Step     154 time   0.0277760 control    sound    timestep   1.83E-04       1,       1 x  1.63E-04 y  3.26E-04
 Wall clock     915.9975619316101     
 Average time per cell    1.2605531727343723E-008
 Step time per cell       1.2285740922379774E-008
 Step     155 time   0.0279586 control    sound    timestep   1.83E-04       1,       1 x  1.63E-04 y  3.26E-04
 Wall clock     921.8862900733948     
 Average time per cell    1.2604720824229945E-008
 Step time per cell       1.2479570412122283E-008
 Step     156 time   0.0281412 control    sound    timestep   1.83E-04       1,       1 x  1.63E-04 y  3.26E-04
 Wall clock     927.7752718925476     
 Average time per cell    1.2603923763543419E-008
 Step time per cell       1.2480110550920169E-008
 Step     157 time   0.0283238 control    sound    timestep   1.83E-04       1,       1 x  1.63E-04 y  3.26E-04
 Wall clock     933.6132619380951     
 Average time per cell    1.2602448540221120E-008
 Step time per cell       1.2371989315498569E-008
 Step     158 time   0.0285064 control    sound    timestep   1.83E-04       1,       1 x  1.63E-04 y  3.26E-04
 Wall clock     939.6181750297546     
 Average time per cell    1.2603230952944998E-008
 Step time per cell       1.2725800439107439E-008
 Step     159 time   0.0286890 control    sound    timestep   1.83E-04       1,       1 x  1.63E-04 y  3.26E-04
 Wall clock     945.5224089622498     
 Average time per cell    1.2602661593485175E-008
 Step time per cell       1.2512440055919191E-008
 Step     160 time   0.0288716 control    sound    timestep   1.83E-04       1,       1 x  1.63E-04 y  3.26E-04
 
 Time    2.9054202318536580E-002
                       Volume            Mass         Density        Pressure Internal Energy  Kinetic Energy    Total Energy
 step:    160      0.1000E+03      0.2800E+02      0.2800E+00      0.1717E+00      0.4293E+02      0.7154E-01      0.4300E+02
 
 Wall clock     951.9643740653992     
 Average time per cell    1.2609221856665601E-008
 Step time per cell       1.3652019737896302E-008
 Step     161 time   0.0290542 control    sound    timestep   1.83E-04       1,       1 x  1.63E-04 y  3.26E-04
 Wall clock     957.6706299781799     
 Average time per cell    1.2606016333841043E-008
 Step time per cell       1.2092982615286019E-008
 Step     162 time   0.0292368 control    sound    timestep   1.83E-04       1,       1 x  1.63E-04 y  3.26E-04
 Wall clock     963.5633828639984     
 Average time per cell    1.2605290129861692E-008
 Step time per cell       1.2488089851103722E-008
 Step     163 time   0.0294194 control    sound    timestep   1.83E-04       1,       1 x  1.63E-04 y  3.26E-04
 Wall clock     969.3299160003662     
 Average time per cell    1.2602931765695664E-008
 Step time per cell       1.2220620091183163E-008
 Step     164 time   0.0296021 control    sound    timestep   1.83E-04       1,       1 x  1.63E-04 y  3.26E-04
 Wall clock     975.3661148548126     
 Average time per cell    1.2604086894715222E-008
 Step time per cell       1.2791572064290652E-008
 Step     165 time   0.0297847 control    sound    timestep   1.83E-04       1,       1 x  1.63E-04 y  3.26E-04
 Wall clock     981.2494850158691     
 Average time per cell    1.2603265075373654E-008
 Step time per cell       1.2468166359111719E-008
 Step     166 time   0.0299674 control    sound    timestep   1.83E-04       1,       1 x  1.63E-04 y  3.26E-04
 Wall clock     987.1719179153442     
 Average time per cell    1.2602951860687586E-008
 Step time per cell       1.2551015263145220E-008
 Step     167 time   0.0301500 control    sound    timestep   1.83E-04       1,       1 x  1.63E-04 y  3.26E-04
 Wall clock     993.1009950637817     
 Average time per cell    1.2602726714435378E-008
 Step time per cell       1.2565070493211452E-008
 Step     168 time   0.0303327 control    sound    timestep   1.83E-04       1,       1 x  1.63E-04 y  3.26E-04
 Wall clock     999.0492079257965     
 Average time per cell    1.2602745640540205E-008
 Step time per cell       1.2605648104605886E-008
 Step     169 time   0.0305154 control    sound    timestep   1.83E-04       1,       1 x  1.63E-04 y  3.26E-04
 Wall clock     1004.947479009628     
 Average time per cell    1.2602138067964385E-008
 Step time per cell       1.2499800605938719E-008
 Step     170 time   0.0306980 control    sound    timestep   1.83E-04       1,       1 x  1.63E-04 y  3.26E-04
 
 Time    3.0880696340495166E-002
                       Volume            Mass         Density        Pressure Internal Energy  Kinetic Energy    Total Energy
 step:    170      0.1000E+03      0.2800E+02      0.2800E+00      0.1717E+00      0.4292E+02      0.7605E-01      0.4300E+02
 
 Wall clock     1011.488095998764     
 Average time per cell    1.2609545339930466E-008
 Step time per cell       1.3861111559284230E-008
 Step     171 time   0.0308807 control    sound    timestep   1.83E-04       1,       1 x  1.63E-04 y  3.26E-04
 Wall clock     1017.218461036682     
 Average time per cell    1.2606824177582527E-008
 Step time per cell       1.2144069943234272E-008
 Step     172 time   0.0310634 control    sound    timestep   1.83E-04       1,       1 x  1.63E-04 y  3.26E-04
 Wall clock     1023.207896947861     
 Average time per cell    1.2607326765674777E-008
 Step time per cell       1.2693008607635015E-008
 Step     173 time   0.0312460 control    sound    timestep   1.83E-04       1,       1 x  1.63E-04 y  3.26E-04
 Wall clock     1029.087552070618     
 Average time per cell    1.2606478712178902E-008
 Step time per cell       1.2460310345987738E-008
 Step     174 time   0.0314287 control    sound    timestep   1.83E-04       1,       1 x  1.63E-04 y  3.26E-04
 Wall clock     1034.897650957108     
 Average time per cell    1.2604793228952152E-008
 Step time per cell       1.2312948456383310E-008
 Step     175 time   0.0316114 control    sound    timestep   1.83E-04       1,       1 x  1.63E-04 y  3.26E-04
 Wall clock     1040.791486024857     
 Average time per cell    1.2604141066110478E-008
 Step time per cell       1.2490395420172717E-008
 Step     176 time   0.0317941 control    sound    timestep   1.83E-04       1,       1 x  1.63E-04 y  3.26E-04
 Wall clock     1046.666013956070     
 Average time per cell    1.2603263830368806E-008
 Step time per cell       1.2449506054205510E-008
 Step     177 time   0.0319768 control    sound    timestep   1.83E-04       1,       1 x  1.63E-04 y  3.26E-04
 Wall clock     1052.559213876724     
 Average time per cell    1.2602620072454298E-008
 Step time per cell       1.2489049368014093E-008
 Step     178 time   0.0321595 control    sound    timestep   1.83E-04       1,       1 x  1.63E-04 y  3.26E-04
 Wall clock     1058.537477016449     
 Average time per cell    1.2602996314407722E-008
 Step time per cell       1.2669332439448529E-008
 Step     179 time   0.0323422 control    sound    timestep   1.83E-04       1,       1 x  1.63E-04 y  3.26E-04
 Wall clock     1064.364704847336     
 Average time per cell    1.2601580165142433E-008
 Step time per cell       1.2349240831907891E-008
 Step     180 time   0.0325249 control    sound    timestep   1.83E-04       1,       1 x  1.63E-04 y  3.26E-04
 
 Time    3.2707632660259223E-002
                       Volume            Mass         Density        Pressure Internal Energy  Kinetic Energy    Total Energy
 step:    180      0.1000E+03      0.2800E+02      0.2800E+00      0.1717E+00      0.4292E+02      0.8056E-01      0.4300E+02
 
 
 Time    3.2707632660259223E-002
                       Volume            Mass         Density        Pressure Internal Energy  Kinetic Energy    Total Energy
 step:    180      0.1000E+03      0.2800E+02      0.2800E+00      0.1717E+00      0.4292E+02      0.8056E-01      0.4300E+02
 
 
 Calculation complete
 Clover is finishing
 Wall clock     1071.425857067108     
 First step overhead  -0.1371269226074219     
