 
Clover Version    1.300
       MPI Version
   Task Count    128
 
 Clover will run from the following input:-
 
*clover                                                                                             
                                                                                                    
 state 1 density=0.2 energy 1.0                                                                     
 state 2 density=1.0 energy=2.5 geometry=rectangle xmin=0.0 xmax=5.0 ymin=0.0 ymax=2.0              
                                                                                                    
 x_cells=3840                                                                                       
 y_cells=3840                                                                                       
                                                                                                    
 xmin=0.0                                                                                           
 ymin=0.0                                                                                           
 xmax=10.0                                                                                          
 ymax=10.0                                                                                          
                                                                                                    
 initial_timestep=0.04                                                                              
 timestep_rise=1.5                                                                                  
 max_timestep=0.04                                                                                  
 end_time=0.55                                                                                      
 end_step=87                                                                                        
 test_problem 4                                                                                     
                                                                                                    
*endclover                                                                                          
 
 Initialising and generating
 
 Reading input file
 
 Reading specification for state             1
 
            state density   0.2000E+00
             state energy   0.1000E+01
 
 Reading specification for state             2
 
            state density   0.1000E+01
             state energy   0.2500E+01
 state geometry rectangular
               state xmin   0.0000E+00
               state xmax   0.5000E+01
               state ymin   0.0000E+00
               state ymax   0.2000E+01
 
                   x_cells        3840
                   y_cells        3840
                      xmin  0.0000E+00
                      ymin  0.0000E+00
                      xmax  0.1000E+02
                      ymax  0.1000E+02
         initial_timestep   0.4000E-01
             timestep_rise  0.1500E+01
              max_timestep  0.4000E-01
                  end_time  0.5500E+00
                  end_step          87
              test_problem           4
 
     Using Fortran Kernels
 
 Input read finished.
 
 Setting up initial geometry
 
 
 Mesh ratio of     1.000000000000000     
 Decomposing the mesh into             8  by            16  chunks
 Decomposing the chunk with             1  tiles
 
 Generating chunks
 
 Problem initialised and generated
 
 Time     0.000000000000000     
                       Volume            Mass         Density        Pressure Internal Energy  Kinetic Energy    Total Energy
 step:      0      0.1000E+03      0.2800E+02      0.2800E+00      0.1720E+00      0.4300E+02      0.0000E+00      0.4300E+02
 
 Starting the calculation
 Step       1 time   0.0000000 control    sound    timestep   1.54E-03       1,       1 x  1.30E-03 y  1.30E-03
 Wall clock    0.1918110847473145     
 Average time per cell    1.3008021697815922E-008
 Step time per cell       1.3008021697815922E-008
 Step       2 time   0.0015406 control    sound    timestep   9.40E-04       1,       1 x  1.30E-03 y  1.30E-03
 Wall clock    0.4340710639953613     
 Average time per cell    1.4718664008089237E-008
 Step time per cell       1.6421432115344537E-008
 Step       3 time   0.0024810 control    sound    timestep   1.19E-03       1,       1 x  1.30E-03 y  1.30E-03
 Wall clock    0.6996002197265625     
 Average time per cell    1.5814892119831510E-008
 Step time per cell       1.7998536350205539E-008
 Step       4 time   0.0036759 control    sound    timestep   1.26E-03       1,       1 x  1.30E-03 y  1.30E-03
 Wall clock    0.8850030899047852     
 Average time per cell    1.5004528298353154E-008
 Step time per cell       1.2564624840807584E-008
 Step       5 time   0.0049349 control    sound    timestep   1.39E-03       1,       1 x  1.30E-03 y  1.30E-03
 Wall clock     1.067117214202881     
 Average time per cell    1.4473703534652789E-008
 Step time per cell       1.2342675795985593E-008
 Step       6 time   0.0063204 control    sound    timestep   1.38E-03       1,       1 x  1.30E-03 y  1.30E-03
 Wall clock     1.248914003372192     
 Average time per cell    1.4116233581228665E-008
 Step time per cell       1.2321704869262046E-008
 Step       7 time   0.0077027 control    sound    timestep   1.41E-03       1,       1 x  1.30E-03 y  1.30E-03
 Wall clock     1.432906150817871     
 Average time per cell    1.3882166794722988E-008
 Step time per cell       1.2470021223028500E-008
 Step       8 time   0.0091113 control    sound    timestep   1.48E-03       1,       1 x  1.30E-03 y  1.30E-03
 Wall clock     1.613340139389038     
 Average time per cell    1.3676453818334267E-008
 Step time per cell       1.2229413389124804E-008
 Step       9 time   0.0105928 control    sound    timestep   1.47E-03       1,       1 x  1.30E-03 y  1.30E-03
 Wall clock     1.795857191085815     
 Average time per cell    1.3532151143285043E-008
 Step time per cell       1.2369451320005788E-008
 Step      10 time   0.0120584 control    sound    timestep   1.46E-03       1,       1 x  1.30E-03 y  1.30E-03
 
 Time    1.3513557686645574E-002
                       Volume            Mass         Density        Pressure Internal Energy  Kinetic Energy    Total Energy
 step:     10      0.1000E+03      0.2800E+02      0.2800E+00      0.1719E+00      0.4297E+02      0.3190E-01      0.4300E+02
 
 Wall clock     1.996113061904907     
 Average time per cell    1.3537008069559103E-008
 Step time per cell       1.3573137241312200E-008
 Step      11 time   0.0135136 control    sound    timestep   1.44E-03       1,       1 x  1.30E-03 y  1.30E-03
 Wall clock     2.221665143966675     
 Average time per cell    1.3696937292644923E-008
 Step time per cell       1.5291540573040643E-008
 Step      12 time   0.0149585 control    sound    timestep   1.44E-03       1,       1 x  1.30E-03 y  1.30E-03
 Wall clock     2.456804990768433     
 Average time per cell    1.3884395971049176E-008
 Step time per cell       1.5938308529762757E-008
 Step      13 time   0.0163976 control    sound    timestep   1.44E-03       1,       1 x  1.30E-03 y  1.30E-03
 Wall clock     2.652631998062134     
 Average time per cell    1.3837932348330943E-008
 Step time per cell       1.3272090452826686E-008
 Step      14 time   0.0178403 control    sound    timestep   1.45E-03       1,       1 x  1.30E-03 y  1.30E-03
 Wall clock     2.838704109191895     
 Average time per cell    1.3750853083495583E-008
 Step time per cell       1.2609800453194314E-008
 Step      15 time   0.0192888 control    sound    timestep   1.45E-03       1,       1 x  1.30E-03 y  1.30E-03
 Wall clock     3.021150112152100     
 Average time per cell    1.3658990307400625E-008
 Step time per cell       1.2365312108563052E-008
 Step      16 time   0.0207394 control    sound    timestep   1.45E-03       1,       1 x  1.30E-03 y  1.30E-03
 Wall clock     3.203253984451294     
 Average time per cell    1.3577160239543041E-008
 Step time per cell       1.2341430798793833E-008
 Step      17 time   0.0221907 control    sound    timestep   1.45E-03       1,       1 x  1.30E-03 y  1.30E-03
 Wall clock     3.386756181716919     
 Average time per cell    1.3510535472663107E-008
 Step time per cell       1.2437133894612391E-008
 Step      18 time   0.0236426 control    sound    timestep   1.45E-03       1,       1 x  1.30E-03 y  1.30E-03
 Wall clock     3.568209171295166     
 Average time per cell    1.3443592858190338E-008
 Step time per cell       1.2299068556684586E-008
 Step      19 time   0.0250950 control    sound    timestep   1.45E-03       1,       1 x  1.30E-03 y  1.30E-03
 Wall clock     3.751311063766479     
 Average time per cell    1.3389582275984841E-008
 Step time per cell       1.2408854672685266E-008
 Step      20 time   0.0265474 control    sound    timestep   1.45E-03       1,       1 x  1.30E-03 y  1.30E-03
 
 Time    2.8000103943834700E-002
                       Volume            Mass         Density        Pressure Internal Energy  Kinetic Energy    Total Energy
 step:     20      0.1000E+03      0.2800E+02      0.2800E+00      0.1717E+00      0.4293E+02      0.6785E-01      0.4300E+02
 
 Wall clock     4.060086011886597     
 Average time per cell    1.3767110229107654E-008
 Step time per cell       2.0932073109886711E-008
 Step      21 time   0.0280001 control    sound    timestep   1.45E-03       1,       1 x  1.30E-03 y  1.30E-03
 Wall clock     4.240433216094971     
 Average time per cell    1.3693942005928388E-008
 Step time per cell       1.2226713200410208E-008
 Step      22 time   0.0294536 control    sound    timestep   1.45E-03       1,       1 x  1.30E-03 y  1.30E-03
 Wall clock     4.422618150711060     
 Average time per cell    1.3633090397107857E-008
 Step time per cell       1.2347009032964707E-008
 Step      23 time   0.0309074 control    sound    timestep   1.45E-03       1,       1 x  1.30E-03 y  1.30E-03
 Wall clock     4.607580184936523     
 Average time per cell    1.3585718672560609E-008
 Step time per cell       1.2535601854324342E-008
 Step      24 time   0.0323615 control    sound    timestep   1.45E-03       1,       1 x  1.30E-03 y  1.30E-03
 Wall clock     4.790160179138184     
 Average time per cell    1.3535563657232732E-008
 Step time per cell       1.2373525856269730E-008
 Step      25 time   0.0338160 control    sound    timestep   1.45E-03       1,       1 x  1.30E-03 y  1.30E-03
 Wall clock     4.973268032073975     
 Average time per cell    1.3490852951589558E-008
 Step time per cell       1.2409663112420175E-008
 Step      26 time   0.0352709 control    sound    timestep   1.46E-03       1,       1 x  1.30E-03 y  1.30E-03
 Wall clock     5.160170078277588     
 Average time per cell    1.3459478077104585E-008
 Step time per cell       1.2667636231829723E-008
 Step      27 time   0.0367262 control    sound    timestep   1.46E-03       1,       1 x  1.30E-03 y  1.30E-03
 Wall clock     5.357444047927856     
 Average time per cell    1.3456478788720544E-008
 Step time per cell       1.3369539778472648E-008
 Step      28 time   0.0381819 control    sound    timestep   1.46E-03       1,       1 x  1.30E-03 y  1.30E-03
 Wall clock     5.542296171188354     
 Average time per cell    1.3423607650486427E-008
 Step time per cell       1.2526854536392622E-008
 Step      29 time   0.0396377 control    sound    timestep   1.46E-03       1,       1 x  1.30E-03 y  1.30E-03
 Wall clock     5.812194108963013     
 Average time per cell    1.3591884122447777E-008
 Step time per cell       1.8295557108811207E-008
 Step      30 time   0.0410936 control    sound    timestep   1.46E-03       1,       1 x  1.30E-03 y  1.30E-03
 
 Time    4.2549505830010971E-002
                       Volume            Mass         Density        Pressure Internal Energy  Kinetic Energy    Total Energy
 step:     30      0.1000E+03      0.2800E+02      0.2800E+00      0.1716E+00      0.4289E+02      0.1037E+00      0.4300E+02
 
 Wall clock     6.031491041183472     
 Average time per cell    1.3634555485892903E-008
 Step time per cell       1.4863681927737263E-008
 Step      31 time   0.0425495 control    sound    timestep   1.46E-03       1,       1 x  1.30E-03 y  1.30E-03
 Wall clock     6.212581157684326     
 Average time per cell    1.3590891099464830E-008
 Step time per cell       1.2276416075312430E-008
 Step      32 time   0.0440055 control    sound    timestep   1.46E-03       1,       1 x  1.30E-03 y  1.30E-03
 Wall clock     6.395191192626953     
 Average time per cell    1.3553176864257290E-008
 Step time per cell       1.2375757149938080E-008
 Step      33 time   0.0454617 control    sound    timestep   1.46E-03       1,       1 x  1.30E-03 y  1.30E-03
 Wall clock     6.577458143234253     
 Average time per cell    1.3517043282832912E-008
 Step time per cell       1.2352571098340883E-008
 Step      34 time   0.0469180 control    sound    timestep   1.46E-03       1,       1 x  1.30E-03 y  1.30E-03
 Wall clock     6.760169029235840     
 Average time per cell    1.3483920685484323E-008
 Step time per cell       1.2382871419605282E-008
 Step      35 time   0.0483746 control    sound    timestep   1.46E-03       1,       1 x  1.30E-03 y  1.30E-03
 Wall clock     6.942882061004639     
 Average time per cell    1.3452694965674291E-008
 Step time per cell       1.2383210964293943E-008
 Step      36 time   0.0498313 control    sound    timestep   1.46E-03       1,       1 x  1.30E-03 y  1.30E-03
 Wall clock     7.126201152801514     
 Average time per cell    1.3424345704634892E-008
 Step time per cell       1.2423907820549275E-008
 Step      37 time   0.0512884 control    sound    timestep   1.46E-03       1,       1 x  1.30E-03 y  1.30E-03
 Wall clock     7.308721065521240     
 Average time per cell    1.3396064030683345E-008
 Step time per cell       1.2369305800853504E-008
 Step      38 time   0.0527457 control    sound    timestep   1.46E-03       1,       1 x  1.30E-03 y  1.30E-03
 Wall clock     7.601595163345337     
 Average time per cell    1.3566214869708389E-008
 Step time per cell       1.9853663009901840E-008
 Step      39 time   0.0542032 control    sound    timestep   1.46E-03       1,       1 x  1.30E-03 y  1.30E-03
 Wall clock     7.784890174865723     
 Average time per cell    1.3537093681254108E-008
 Step time per cell       1.2422484966615835E-008
 Step      40 time   0.0556609 control    sound    timestep   1.46E-03       1,       1 x  1.30E-03 y  1.30E-03
 
 Time    5.7118606373806148E-002
                       Volume            Mass         Density        Pressure Internal Energy  Kinetic Energy    Total Energy
 step:     40      0.1000E+03      0.2800E+02      0.2800E+00      0.1714E+00      0.4286E+02      0.1396E+00      0.4300E+02
 
 Wall clock     7.985362052917480     
 Average time per cell    1.3538550572573310E-008
 Step time per cell       1.3587915519666340E-008
 Step      41 time   0.0571186 control    sound    timestep   1.46E-03       1,       1 x  1.30E-03 y  1.30E-03
 Wall clock     8.166429996490479     
 Average time per cell    1.3507840944186539E-008
 Step time per cell       1.2273893743339512E-008
 Step      42 time   0.0585763 control    sound    timestep   1.46E-03       1,       1 x  1.30E-03 y  1.30E-03
 Wall clock     8.354768991470337     
 Average time per cell    1.3490334148863676E-008
 Step time per cell       1.2752409222432308E-008
 Step      43 time   0.0600341 control    sound    timestep   1.46E-03       1,       1 x  1.30E-03 y  1.30E-03
 Wall clock     8.547451019287109     
 Average time per cell    1.3480491175747041E-008
 Step time per cell       1.3059001907499301E-008
 Step      44 time   0.0614920 control    sound    timestep   1.46E-03       1,       1 x  1.30E-03 y  1.30E-03
 Wall clock     8.751199007034302     
 Average time per cell    1.3488151484070290E-008
 Step time per cell       1.3810010083640615E-008
 Step      45 time   0.0629500 control    sound    timestep   1.46E-03       1,       1 x  1.30E-03 y  1.30E-03
 Wall clock     8.934499025344849     
 Average time per cell    1.3464655408083840E-008
 Step time per cell       1.2422824511304499E-008
 Step      46 time   0.0644081 control    sound    timestep   1.46E-03       1,       1 x  1.30E-03 y  1.30E-03
 Wall clock     9.132927179336548     
 Average time per cell    1.3464483995427004E-008
 Step time per cell       1.3448023107937640E-008
 Step      47 time   0.0658662 control    sound    timestep   1.46E-03       1,       1 x  1.30E-03 y  1.30E-03
 Wall clock     9.417239189147949     
 Average time per cell    1.3588242679746298E-008
 Step time per cell       1.9259039416081377E-008
 Step      48 time   0.0673246 control    sound    timestep   1.46E-03       1,       1 x  1.30E-03 y  1.30E-03
 Wall clock     9.598627090454102     
 Average time per cell    1.3561428339151597E-008
 Step time per cell       1.2294250255864527E-008
 Step      49 time   0.0687831 control    sound    timestep   1.46E-03       1,       1 x  1.30E-03 y  1.30E-03
 Wall clock     9.782682180404663     
 Average time per cell    1.3539399896260528E-008
 Step time per cell       1.2474031084113650E-008
 Step      50 time   0.0702418 control    sound    timestep   1.46E-03       1,       1 x  1.30E-03 y  1.30E-03
 
 Time    7.1700585166468961E-002
                       Volume            Mass         Density        Pressure Internal Energy  Kinetic Energy    Total Energy
 step:     50      0.1000E+03      0.2800E+02      0.2800E+00      0.1713E+00      0.4282E+02      0.1754E+00      0.4300E+02
 
 Wall clock     9.983631134033203     
 Average time per cell    1.3541166360179584E-008
 Step time per cell       1.3619460838122500E-008
 Step      51 time   0.0717006 control    sound    timestep   1.46E-03       1,       1 x  1.30E-03 y  1.30E-03
 Wall clock     10.16509819030762     
 Average time per cell    1.3516957654510189E-008
 Step time per cell       1.2301510044684013E-008
 Step      52 time   0.0731596 control    sound    timestep   1.46E-03       1,       1 x  1.30E-03 y  1.30E-03
 Wall clock     10.34860515594482     
 Average time per cell    1.3496340441509572E-008
 Step time per cell       1.2435856559831235E-008
 Step      53 time   0.0746189 control    sound    timestep   1.46E-03       1,       1 x  1.30E-03 y  1.30E-03
 Wall clock     10.53297710418701     
 Average time per cell    1.3477608036304544E-008
 Step time per cell       1.2495179867578877E-008
 Step      54 time   0.0760782 control    sound    timestep   1.46E-03       1,       1 x  1.30E-03 y  1.30E-03
 Wall clock     10.71672320365906     
 Average time per cell    1.3458783440809283E-008
 Step time per cell       1.2452461911986272E-008
 Step      55 time   0.0775375 control    sound    timestep   1.46E-03       1,       1 x  1.30E-03 y  1.30E-03
 Wall clock     10.91564607620239     
 Average time per cell    1.3459356845064897E-008
 Step time per cell       1.3481912901625038E-008
 Step      56 time   0.0789968 control    sound    timestep   1.46E-03       1,       1 x  1.30E-03 y  1.30E-03
 Wall clock     11.17709302902222     
 Average time per cell    1.3535627369983270E-008
 Step time per cell       1.7721952948098380E-008
 Step      57 time   0.0804562 control    sound    timestep   1.46E-03       1,       1 x  1.30E-03 y  1.30E-03
 Wall clock     11.36203312873840     
 Average time per cell    1.3518196244253895E-008
 Step time per cell       1.2533435235834785E-008
 Step      58 time   0.0819157 control    sound    timestep   1.46E-03       1,       1 x  1.30E-03 y  1.30E-03
 Wall clock     11.54707598686218     
 Average time per cell    1.3501486342696480E-008
 Step time per cell       1.2540549505501985E-008
 Step      59 time   0.0833752 control    sound    timestep   1.46E-03       1,       1 x  1.30E-03 y  1.30E-03
 Wall clock     11.73231601715088     
 Average time per cell    1.3485569515653137E-008
 Step time per cell       1.2554195968227254E-008
 Step      60 time   0.0848348 control    sound    timestep   1.46E-03       1,       1 x  1.30E-03 y  1.30E-03
 
 Time    8.6294514618842202E-002
                       Volume            Mass         Density        Pressure Internal Energy  Kinetic Energy    Total Energy
 step:     60      0.1000E+03      0.2800E+02      0.2800E+00      0.1711E+00      0.4278E+02      0.2112E+00      0.4300E+02
 
 Wall clock     11.93331408500671     
 Average time per cell    1.3487994254790936E-008
 Step time per cell       1.3623179660903083E-008
 Step      61 time   0.0862945 control    sound    timestep   1.46E-03       1,       1 x  1.30E-03 y  1.30E-03
 Wall clock     12.11532020568848     
 Average time per cell    1.3469225168906708E-008
 Step time per cell       1.2337582625655664E-008
 Step      62 time   0.0877543 control    sound    timestep   1.46E-03       1,       1 x  1.30E-03 y  1.30E-03
 Wall clock     12.29946708679199     
 Average time per cell    1.3453403143979957E-008
 Step time per cell       1.2479932694178488E-008
 Step      63 time   0.0892143 control    sound    timestep   1.46E-03       1,       1 x  1.30E-03 y  1.30E-03
 Wall clock     12.48829817771912     
 Average time per cell    1.3443125759676835E-008
 Step time per cell       1.2797309965309170E-008
 Step      64 time   0.0906744 control    sound    timestep   1.46E-03       1,       1 x  1.30E-03 y  1.30E-03
 Wall clock     12.73145413398743     
 Average time per cell    1.3490734242319982E-008
 Step time per cell       1.6481871069926355E-008
 Step      65 time   0.0921346 control    sound    timestep   1.46E-03       1,       1 x  1.30E-03 y  1.30E-03
 Wall clock     12.97351813316345     
 Average time per cell    1.3535738570424609E-008
 Step time per cell       1.6408286885254914E-008
 Step      66 time   0.0935950 control    sound    timestep   1.46E-03       1,       1 x  1.30E-03 y  1.30E-03
 Wall clock     13.16985917091370     
 Average time per cell    1.3532397513252743E-008
 Step time per cell       1.3307500113215711E-008
 Step      67 time   0.0950556 control    sound    timestep   1.46E-03       1,       1 x  1.30E-03 y  1.30E-03
 Wall clock     13.35343718528748     
 Average time per cell    1.3516237563492226E-008
 Step time per cell       1.2441079080518749E-008
 Step      68 time   0.0965163 control    sound    timestep   1.46E-03       1,       1 x  1.30E-03 y  1.30E-03
 Wall clock     13.54754805564880     
 Average time per cell    1.3511057391844909E-008
 Step time per cell       1.3155173898364107E-008
 Step      69 time   0.0979769 control    sound    timestep   1.46E-03       1,       1 x  1.30E-03 y  1.30E-03
 Wall clock     13.73309206962585     
 Average time per cell    1.3497607411678743E-008
 Step time per cell       1.2574051248116625E-008
 Step      70 time   0.0994376 control    sound    timestep   1.46E-03       1,       1 x  1.30E-03 y  1.30E-03
 
 Time    0.1008983085635486     
                       Volume            Mass         Density        Pressure Internal Energy  Kinetic Energy    Total Energy
 step:     70      0.1000E+03      0.2800E+02      0.2800E+00      0.1710E+00      0.4275E+02      0.2469E+00      0.4300E+02
 
 Wall clock     13.93582320213318     
 Average time per cell    1.3501192803405934E-008
 Step time per cell       1.3739966865008077E-008
 Step      71 time   0.1008983 control    sound    timestep   1.46E-03       1,       1 x  1.30E-03 y  1.30E-03
 Wall clock     14.11761713027954     
 Average time per cell    1.3484678676436438E-008
 Step time per cell       1.2323337917526563E-008
 Step      72 time   0.1023591 control    sound    timestep   1.46E-03       1,       1 x  1.30E-03 y  1.30E-03
 Wall clock     14.30221414566040     
 Average time per cell    1.3471263504650351E-008
 Step time per cell       1.2510313859416378E-008
 Step      73 time   0.1038199 control    sound    timestep   1.46E-03       1,       1 x  1.30E-03 y  1.30E-03
 Wall clock     14.58865714073181     
 Average time per cell    1.3552830564113308E-008
 Step time per cell       1.9417315747381912E-008
 Step      74 time   0.1052808 control    sound    timestep   1.46E-03       1,       1 x  1.30E-03 y  1.30E-03
 Wall clock     14.77246212959290     
 Average time per cell    1.3538131145298950E-008
 Step time per cell       1.2457070018475254E-008
 Step      75 time   0.1067418 control    sound    timestep   1.46E-03       1,       1 x  1.30E-03 y  1.30E-03
 Wall clock     14.95767521858215     
 Average time per cell    1.3525096949672809E-008
 Step time per cell       1.2551204741208090E-008
 Step      76 time   0.1082028 control    sound    timestep   1.46E-03       1,       1 x  1.30E-03 y  1.30E-03
 Wall clock     15.14329504966736     
 Average time per cell    1.3512768706086238E-008
 Step time per cell       1.2564689515986376E-008
 Step      77 time   0.1096640 control    sound    timestep   1.46E-03       1,       1 x  1.30E-03 y  1.30E-03
 Wall clock     15.32809400558472     
 Average time per cell    1.3500037700513010E-008
 Step time per cell       1.2523669283837080E-008
 Step      78 time   0.1111253 control    sound    timestep   1.46E-03       1,       1 x  1.30E-03 y  1.30E-03
 Wall clock     15.51504611968994     
 Average time per cell    1.3489505187197034E-008
 Step time per cell       1.2670158563802639E-008
 Step      79 time   0.1125867 control    sound    timestep   1.46E-03       1,       1 x  1.30E-03 y  1.30E-03
 Wall clock     15.69850611686707     
 Average time per cell    1.3476241543383433E-008
 Step time per cell       1.2434352861924305E-008
 Step      80 time   0.1140482 control    sound    timestep   1.46E-03       1,       1 x  1.30E-03 y  1.30E-03
 
 Time    0.1155098865932747     
                       Volume            Mass         Density        Pressure Internal Energy  Kinetic Energy    Total Energy
 step:     80      0.1000E+03      0.2800E+02      0.2800E+00      0.1708E+00      0.4271E+02      0.2826E+00      0.4299E+02
 
 Wall clock     15.90228700637817     
 Average time per cell    1.3480535724536620E-008
 Step time per cell       1.3809605863773161E-008
 Step      81 time   0.1155099 control    sound    timestep   1.46E-03       1,       1 x  1.30E-03 y  1.30E-03
 Wall clock     16.09919619560242     
 Average time per cell    1.3478970580219466E-008
 Step time per cell       1.3348196969471045E-008
 Step      82 time   0.1169717 control    sound    timestep   1.46E-03       1,       1 x  1.30E-03 y  1.30E-03
 Wall clock     16.38006114959717     
 Average time per cell    1.3546877935639808E-008
 Step time per cell       1.9039645040821697E-008
 Step      83 time   0.1184336 control    sound    timestep   1.46E-03       1,       1 x  1.30E-03 y  1.30E-03
 Wall clock     16.56565999984741     
 Average time per cell    1.3535309859103906E-008
 Step time per cell       1.2577850914870700E-008
 Step      84 time   0.1198954 control    sound    timestep   1.46E-03       1,       1 x  1.30E-03 y  1.30E-03
 Wall clock     16.75077509880066     
 Average time per cell    1.3523626659575494E-008
 Step time per cell       1.2544559366587135E-008
 Step      85 time   0.1213572 control    sound    timestep   1.46E-03       1,       1 x  1.30E-03 y  1.30E-03
 Wall clock     16.93906807899475     
 Average time per cell    1.3514753816089306E-008
 Step time per cell       1.2760622970138987E-008
 Step      86 time   0.1228191 control    sound    timestep   1.46E-03       1,       1 x  1.30E-03 y  1.30E-03
 Wall clock     17.12422108650208     
 Average time per cell    1.3503611236100761E-008
 Step time per cell       1.2547744619142679E-008
 Step      87 time   0.1242811 control    sound    timestep   1.46E-03       1,       1 x  1.30E-03 y  1.30E-03
 
 Time    0.1257430892081737     
                       Volume            Mass         Density        Pressure Internal Energy  Kinetic Energy    Total Energy
 step:     87      0.1000E+03      0.2800E+02      0.2800E+00      0.1707E+00      0.4269E+02      0.3075E+00      0.4299E+02
 
Test problem   4 is within   0.3953460E-10% of the expected solution
 This test is considered PASSED
 
 Calculation complete
 Clover is finishing
 Wall clock     17.32952809333801     
 First step overhead  -5.0432920455932617E-002
